{"E:\\InsuranceBrokerCRM_Development\\js\\clientManager.js": {"path":"E:\\InsuranceBrokerCRM_Development\\js\\clientManager.js","statementMap":{"0":{"start":{"line":5,"column":8},"end":{"line":5,"column":26}},"1":{"start":{"line":6,"column":8},"end":{"line":6,"column":27}},"2":{"start":{"line":11,"column":29},"end":{"line":11,"column":60}},"3":{"start":{"line":12,"column":8},"end":{"line":14,"column":9}},"4":{"start":{"line":13,"column":12},"end":{"line":13,"column":52}},"5":{"start":{"line":19,"column":8},"end":{"line":19,"column":70}},"6":{"start":{"line":24,"column":23},"end":{"line":31,"column":9}},"7":{"start":{"line":32,"column":8},"end":{"line":32,"column":34}},"8":{"start":{"line":33,"column":8},"end":{"line":33,"column":27}},"9":{"start":{"line":34,"column":8},"end":{"line":34,"column":22}},"10":{"start":{"line":39,"column":22},"end":{"line":39,"column":68}},"11":{"start":{"line":39,"column":50},"end":{"line":39,"column":67}},"12":{"start":{"line":40,"column":8},"end":{"line":48,"column":9}},"13":{"start":{"line":41,"column":12},"end":{"line":45,"column":14}},"14":{"start":{"line":46,"column":12},"end":{"line":46,"column":31}},"15":{"start":{"line":47,"column":12},"end":{"line":47,"column":39}},"16":{"start":{"line":49,"column":8},"end":{"line":49,"column":20}},"17":{"start":{"line":54,"column":23},"end":{"line":54,"column":64}},"18":{"start":{"line":54,"column":46},"end":{"line":54,"column":63}},"19":{"start":{"line":55,"column":8},"end":{"line":66,"column":9}},"20":{"start":{"line":56,"column":12},"end":{"line":58,"column":13}},"21":{"start":{"line":57,"column":16},"end":{"line":57,"column":41}},"22":{"start":{"line":59,"column":12},"end":{"line":63,"column":15}},"23":{"start":{"line":64,"column":12},"end":{"line":64,"column":31}},"24":{"start":{"line":65,"column":12},"end":{"line":65,"column":24}},"25":{"start":{"line":67,"column":8},"end":{"line":67,"column":21}},"26":{"start":{"line":72,"column":23},"end":{"line":72,"column":64}},"27":{"start":{"line":72,"column":46},"end":{"line":72,"column":63}},"28":{"start":{"line":73,"column":8},"end":{"line":84,"column":9}},"29":{"start":{"line":74,"column":12},"end":{"line":76,"column":13}},"30":{"start":{"line":75,"column":16},"end":{"line":75,"column":38}},"31":{"start":{"line":77,"column":12},"end":{"line":81,"column":15}},"32":{"start":{"line":82,"column":12},"end":{"line":82,"column":31}},"33":{"start":{"line":83,"column":12},"end":{"line":83,"column":24}},"34":{"start":{"line":85,"column":8},"end":{"line":85,"column":21}},"35":{"start":{"line":90,"column":8},"end":{"line":90,"column":57}},"36":{"start":{"line":90,"column":38},"end":{"line":90,"column":55}},"37":{"start":{"line":95,"column":8},"end":{"line":95,"column":61}},"38":{"start":{"line":95,"column":40},"end":{"line":95,"column":59}},"39":{"start":{"line":100,"column":8},"end":{"line":100,"column":65}},"40":{"start":{"line":100,"column":40},"end":{"line":100,"column":63}},"41":{"start":{"line":105,"column":8},"end":{"line":105,"column":36}},"42":{"start":{"line":106,"column":8},"end":{"line":111,"column":10}},"43":{"start":{"line":107,"column":12},"end":{"line":110,"column":55}},"44":{"start":{"line":116,"column":23},"end":{"line":116,"column":64}},"45":{"start":{"line":116,"column":46},"end":{"line":116,"column":63}},"46":{"start":{"line":117,"column":8},"end":{"line":122,"column":9}},"47":{"start":{"line":118,"column":12},"end":{"line":118,"column":38}},"48":{"start":{"line":119,"column":12},"end":{"line":119,"column":62}},"49":{"start":{"line":120,"column":12},"end":{"line":120,"column":31}},"50":{"start":{"line":121,"column":12},"end":{"line":121,"column":24}},"51":{"start":{"line":123,"column":8},"end":{"line":123,"column":21}},"52":{"start":{"line":128,"column":20},"end":{"line":128,"column":30}},"53":{"start":{"line":129,"column":26},"end":{"line":129,"column":36}},"54":{"start":{"line":130,"column":8},"end":{"line":130,"column":63}},"55":{"start":{"line":132,"column":8},"end":{"line":136,"column":11}},"56":{"start":{"line":133,"column":12},"end":{"line":133,"column":56}},"57":{"start":{"line":133,"column":43},"end":{"line":133,"column":56}},"58":{"start":{"line":134,"column":32},"end":{"line":134,"column":66}},"59":{"start":{"line":135,"column":12},"end":{"line":135,"column":66}},"60":{"start":{"line":141,"column":23},"end":{"line":141,"column":47}},"61":{"start":{"line":142,"column":8},"end":{"line":142,"column":31}},"62":{"start":{"line":142,"column":21},"end":{"line":142,"column":31}},"63":{"start":{"line":144,"column":25},"end":{"line":152,"column":9}},"64":{"start":{"line":155,"column":8},"end":{"line":162,"column":9}},"65":{"start":{"line":156,"column":12},"end":{"line":161,"column":17}},"66":{"start":{"line":156,"column":69},"end":{"line":161,"column":13}},"67":{"start":{"line":165,"column":8},"end":{"line":172,"column":9}},"68":{"start":{"line":166,"column":12},"end":{"line":171,"column":17}},"69":{"start":{"line":166,"column":58},"end":{"line":171,"column":13}},"70":{"start":{"line":175,"column":8},"end":{"line":177,"column":10}},"71":{"start":{"line":176,"column":12},"end":{"line":176,"column":57}},"72":{"start":{"line":182,"column":0},"end":{"line":182,"column":37}}},"fnMap":{"0":{"name":"(anonymous_0)","decl":{"start":{"line":4,"column":4},"end":{"line":4,"column":5}},"loc":{"start":{"line":4,"column":18},"end":{"line":7,"column":5}},"line":4},"1":{"name":"(anonymous_1)","decl":{"start":{"line":10,"column":4},"end":{"line":10,"column":5}},"loc":{"start":{"line":10,"column":18},"end":{"line":15,"column":5}},"line":10},"2":{"name":"(anonymous_2)","decl":{"start":{"line":18,"column":4},"end":{"line":18,"column":5}},"loc":{"start":{"line":18,"column":18},"end":{"line":20,"column":5}},"line":18},"3":{"name":"(anonymous_3)","decl":{"start":{"line":23,"column":4},"end":{"line":23,"column":5}},"loc":{"start":{"line":23,"column":26},"end":{"line":35,"column":5}},"line":23},"4":{"name":"(anonymous_4)","decl":{"start":{"line":38,"column":4},"end":{"line":38,"column":5}},"loc":{"start":{"line":38,"column":36},"end":{"line":50,"column":5}},"line":38},"5":{"name":"(anonymous_5)","decl":{"start":{"line":39,"column":45},"end":{"line":39,"column":46}},"loc":{"start":{"line":39,"column":50},"end":{"line":39,"column":67}},"line":39},"6":{"name":"(anonymous_6)","decl":{"start":{"line":53,"column":4},"end":{"line":53,"column":5}},"loc":{"start":{"line":53,"column":42},"end":{"line":68,"column":5}},"line":53},"7":{"name":"(anonymous_7)","decl":{"start":{"line":54,"column":41},"end":{"line":54,"column":42}},"loc":{"start":{"line":54,"column":46},"end":{"line":54,"column":63}},"line":54},"8":{"name":"(anonymous_8)","decl":{"start":{"line":71,"column":4},"end":{"line":71,"column":5}},"loc":{"start":{"line":71,"column":36},"end":{"line":86,"column":5}},"line":71},"9":{"name":"(anonymous_9)","decl":{"start":{"line":72,"column":41},"end":{"line":72,"column":42}},"loc":{"start":{"line":72,"column":46},"end":{"line":72,"column":63}},"line":72},"10":{"name":"(anonymous_10)","decl":{"start":{"line":89,"column":4},"end":{"line":89,"column":5}},"loc":{"start":{"line":89,"column":24},"end":{"line":91,"column":5}},"line":89},"11":{"name":"(anonymous_11)","decl":{"start":{"line":90,"column":33},"end":{"line":90,"column":34}},"loc":{"start":{"line":90,"column":38},"end":{"line":90,"column":55}},"line":90},"12":{"name":"(anonymous_12)","decl":{"start":{"line":94,"column":4},"end":{"line":94,"column":5}},"loc":{"start":{"line":94,"column":31},"end":{"line":96,"column":5}},"line":94},"13":{"name":"(anonymous_13)","decl":{"start":{"line":95,"column":35},"end":{"line":95,"column":36}},"loc":{"start":{"line":95,"column":40},"end":{"line":95,"column":59}},"line":95},"14":{"name":"(anonymous_14)","decl":{"start":{"line":99,"column":4},"end":{"line":99,"column":5}},"loc":{"start":{"line":99,"column":35},"end":{"line":101,"column":5}},"line":99},"15":{"name":"(anonymous_15)","decl":{"start":{"line":100,"column":35},"end":{"line":100,"column":36}},"loc":{"start":{"line":100,"column":40},"end":{"line":100,"column":63}},"line":100},"16":{"name":"(anonymous_16)","decl":{"start":{"line":104,"column":4},"end":{"line":104,"column":5}},"loc":{"start":{"line":104,"column":25},"end":{"line":112,"column":5}},"line":104},"17":{"name":"(anonymous_17)","decl":{"start":{"line":106,"column":35},"end":{"line":106,"column":36}},"loc":{"start":{"line":107,"column":12},"end":{"line":110,"column":55}},"line":107},"18":{"name":"(anonymous_18)","decl":{"start":{"line":115,"column":4},"end":{"line":115,"column":5}},"loc":{"start":{"line":115,"column":44},"end":{"line":124,"column":5}},"line":115},"19":{"name":"(anonymous_19)","decl":{"start":{"line":116,"column":41},"end":{"line":116,"column":42}},"loc":{"start":{"line":116,"column":46},"end":{"line":116,"column":63}},"line":116},"20":{"name":"(anonymous_20)","decl":{"start":{"line":127,"column":4},"end":{"line":127,"column":5}},"loc":{"start":{"line":127,"column":44},"end":{"line":137,"column":5}},"line":127},"21":{"name":"(anonymous_21)","decl":{"start":{"line":132,"column":35},"end":{"line":132,"column":36}},"loc":{"start":{"line":132,"column":45},"end":{"line":136,"column":9}},"line":132},"22":{"name":"(anonymous_22)","decl":{"start":{"line":140,"column":4},"end":{"line":140,"column":5}},"loc":{"start":{"line":140,"column":32},"end":{"line":178,"column":5}},"line":140},"23":{"name":"(anonymous_23)","decl":{"start":{"line":156,"column":53},"end":{"line":156,"column":54}},"loc":{"start":{"line":156,"column":69},"end":{"line":161,"column":13}},"line":156},"24":{"name":"(anonymous_24)","decl":{"start":{"line":166,"column":50},"end":{"line":166,"column":51}},"loc":{"start":{"line":166,"column":58},"end":{"line":171,"column":13}},"line":166},"25":{"name":"(anonymous_25)","decl":{"start":{"line":175,"column":29},"end":{"line":175,"column":30}},"loc":{"start":{"line":176,"column":12},"end":{"line":176,"column":57}},"line":176}},"branchMap":{"0":{"loc":{"start":{"line":12,"column":8},"end":{"line":14,"column":9}},"type":"if","locations":[{"start":{"line":12,"column":8},"end":{"line":14,"column":9}},{"start":{},"end":{}}],"line":12},"1":{"loc":{"start":{"line":40,"column":8},"end":{"line":48,"column":9}},"type":"if","locations":[{"start":{"line":40,"column":8},"end":{"line":48,"column":9}},{"start":{},"end":{}}],"line":40},"2":{"loc":{"start":{"line":55,"column":8},"end":{"line":66,"column":9}},"type":"if","locations":[{"start":{"line":55,"column":8},"end":{"line":66,"column":9}},{"start":{},"end":{}}],"line":55},"3":{"loc":{"start":{"line":56,"column":12},"end":{"line":58,"column":13}},"type":"if","locations":[{"start":{"line":56,"column":12},"end":{"line":58,"column":13}},{"start":{},"end":{}}],"line":56},"4":{"loc":{"start":{"line":73,"column":8},"end":{"line":84,"column":9}},"type":"if","locations":[{"start":{"line":73,"column":8},"end":{"line":84,"column":9}},{"start":{},"end":{}}],"line":73},"5":{"loc":{"start":{"line":74,"column":12},"end":{"line":76,"column":13}},"type":"if","locations":[{"start":{"line":74,"column":12},"end":{"line":76,"column":13}},{"start":{},"end":{}}],"line":74},"6":{"loc":{"start":{"line":107,"column":12},"end":{"line":110,"column":55}},"type":"binary-expr","locations":[{"start":{"line":107,"column":12},"end":{"line":107,"column":54}},{"start":{"line":108,"column":12},"end":{"line":108,"column":55}},{"start":{"line":109,"column":12},"end":{"line":109,"column":41}},{"start":{"line":110,"column":12},"end":{"line":110,"column":55}}],"line":107},"7":{"loc":{"start":{"line":117,"column":8},"end":{"line":122,"column":9}},"type":"if","locations":[{"start":{"line":117,"column":8},"end":{"line":122,"column":9}},{"start":{},"end":{}}],"line":117},"8":{"loc":{"start":{"line":127,"column":24},"end":{"line":127,"column":42}},"type":"default-arg","locations":[{"start":{"line":127,"column":40},"end":{"line":127,"column":42}}],"line":127},"9":{"loc":{"start":{"line":133,"column":12},"end":{"line":133,"column":56}},"type":"if","locations":[{"start":{"line":133,"column":12},"end":{"line":133,"column":56}},{"start":{},"end":{}}],"line":133},"10":{"loc":{"start":{"line":135,"column":19},"end":{"line":135,"column":65}},"type":"binary-expr","locations":[{"start":{"line":135,"column":19},"end":{"line":135,"column":37}},{"start":{"line":135,"column":41},"end":{"line":135,"column":65}}],"line":135},"11":{"loc":{"start":{"line":142,"column":8},"end":{"line":142,"column":31}},"type":"if","locations":[{"start":{"line":142,"column":8},"end":{"line":142,"column":31}},{"start":{},"end":{}}],"line":142},"12":{"loc":{"start":{"line":155,"column":8},"end":{"line":162,"column":9}},"type":"if","locations":[{"start":{"line":155,"column":8},"end":{"line":162,"column":9}},{"start":{},"end":{}}],"line":155},"13":{"loc":{"start":{"line":165,"column":8},"end":{"line":172,"column":9}},"type":"if","locations":[{"start":{"line":165,"column":8},"end":{"line":172,"column":9}},{"start":{},"end":{}}],"line":165}},"s":{"0":0,"1":0,"2":0,"3":0,"4":0,"5":0,"6":0,"7":0,"8":0,"9":0,"10":0,"11":0,"12":0,"13":0,"14":0,"15":0,"16":0,"17":0,"18":0,"19":0,"20":0,"21":0,"22":0,"23":0,"24":0,"25":0,"26":0,"27":0,"28":0,"29":0,"30":0,"31":0,"32":0,"33":0,"34":0,"35":0,"36":0,"37":0,"38":0,"39":0,"40":0,"41":0,"42":0,"43":0,"44":0,"45":0,"46":0,"47":0,"48":0,"49":0,"50":0,"51":0,"52":0,"53":0,"54":0,"55":0,"56":0,"57":0,"58":0,"59":0,"60":0,"61":0,"62":0,"63":0,"64":0,"65":0,"66":0,"67":0,"68":0,"69":0,"70":0,"71":0,"72":0},"f":{"0":0,"1":0,"2":0,"3":0,"4":0,"5":0,"6":0,"7":0,"8":0,"9":0,"10":0,"11":0,"12":0,"13":0,"14":0,"15":0,"16":0,"17":0,"18":0,"19":0,"20":0,"21":0,"22":0,"23":0,"24":0,"25":0},"b":{"0":[0,0],"1":[0,0],"2":[0,0],"3":[0,0],"4":[0,0],"5":[0,0],"6":[0,0,0,0],"7":[0,0],"8":[0],"9":[0,0],"10":[0,0],"11":[0,0],"12":[0,0],"13":[0,0]}}
,"E:\\InsuranceBrokerCRM_Development\\js\\script.js": {"path":"E:\\InsuranceBrokerCRM_Development\\js\\script.js","statementMap":{"0":{"start":{"line":1,"column":0},"end":{"line":58,"column":3}},"1":{"start":{"line":3,"column":27},"end":{"line":3,"column":76}},"2":{"start":{"line":4,"column":4},"end":{"line":13,"column":7}},"3":{"start":{"line":5,"column":8},"end":{"line":12,"column":11}},"4":{"start":{"line":6,"column":29},"end":{"line":6,"column":55}},"5":{"start":{"line":7,"column":12},"end":{"line":11,"column":13}},"6":{"start":{"line":8,"column":16},"end":{"line":8,"column":47}},"7":{"start":{"line":10,"column":16},"end":{"line":10,"column":45}},"8":{"start":{"line":16,"column":26},"end":{"line":16,"column":67}},"9":{"start":{"line":17,"column":4},"end":{"line":29,"column":5}},"10":{"start":{"line":18,"column":8},"end":{"line":28,"column":11}},"11":{"start":{"line":19,"column":25},"end":{"line":19,"column":48}},"12":{"start":{"line":20,"column":12},"end":{"line":20,"column":53}},"13":{"start":{"line":21,"column":12},"end":{"line":21,"column":52}},"14":{"start":{"line":24,"column":12},"end":{"line":27,"column":20}},"15":{"start":{"line":25,"column":16},"end":{"line":25,"column":47}},"16":{"start":{"line":26,"column":16},"end":{"line":26,"column":54}},"17":{"start":{"line":32,"column":24},"end":{"line":32,"column":71}},"18":{"start":{"line":33,"column":4},"end":{"line":40,"column":7}},"19":{"start":{"line":34,"column":8},"end":{"line":39,"column":11}},"20":{"start":{"line":36,"column":12},"end":{"line":36,"column":67}},"21":{"start":{"line":36,"column":37},"end":{"line":36,"column":65}},"22":{"start":{"line":38,"column":12},"end":{"line":38,"column":41}},"23":{"start":{"line":43,"column":22},"end":{"line":43,"column":65}},"24":{"start":{"line":44,"column":4},"end":{"line":52,"column":5}},"25":{"start":{"line":45,"column":8},"end":{"line":47,"column":11}},"26":{"start":{"line":46,"column":12},"end":{"line":46,"column":69}},"27":{"start":{"line":49,"column":8},"end":{"line":51,"column":11}},"28":{"start":{"line":50,"column":12},"end":{"line":50,"column":56}},"29":{"start":{"line":55,"column":4},"end":{"line":55,"column":24}},"30":{"start":{"line":57,"column":4},"end":{"line":57,"column":42}},"31":{"start":{"line":62,"column":24},"end":{"line":62,"column":66}},"32":{"start":{"line":63,"column":17},"end":{"line":63,"column":38}},"33":{"start":{"line":64,"column":19},"end":{"line":64,"column":33}},"34":{"start":{"line":66,"column":4},"end":{"line":72,"column":5}},"35":{"start":{"line":67,"column":8},"end":{"line":67,"column":34}},"36":{"start":{"line":68,"column":11},"end":{"line":72,"column":5}},"37":{"start":{"line":69,"column":8},"end":{"line":69,"column":36}},"38":{"start":{"line":71,"column":8},"end":{"line":71,"column":34}},"39":{"start":{"line":74,"column":4},"end":{"line":76,"column":5}},"40":{"start":{"line":75,"column":8},"end":{"line":75,"column":43}},"41":{"start":{"line":81,"column":20},"end":{"line":84,"column":5}},"42":{"start":{"line":86,"column":27},"end":{"line":86,"column":82}},"43":{"start":{"line":87,"column":30},"end":{"line":87,"column":84}},"44":{"start":{"line":88,"column":29},"end":{"line":88,"column":86}},"45":{"start":{"line":89,"column":32},"end":{"line":89,"column":88}},"46":{"start":{"line":91,"column":4},"end":{"line":94,"column":5}},"47":{"start":{"line":92,"column":8},"end":{"line":92,"column":66}},"48":{"start":{"line":93,"column":8},"end":{"line":93,"column":68}},"49":{"start":{"line":96,"column":4},"end":{"line":99,"column":5}},"50":{"start":{"line":97,"column":8},"end":{"line":97,"column":70}},"51":{"start":{"line":98,"column":8},"end":{"line":98,"column":72}}},"fnMap":{"0":{"name":"(anonymous_0)","decl":{"start":{"line":1,"column":46},"end":{"line":1,"column":47}},"loc":{"start":{"line":1,"column":57},"end":{"line":58,"column":1}},"line":1},"1":{"name":"(anonymous_1)","decl":{"start":{"line":4,"column":27},"end":{"line":4,"column":28}},"loc":{"start":{"line":4,"column":39},"end":{"line":13,"column":5}},"line":4},"2":{"name":"(anonymous_2)","decl":{"start":{"line":5,"column":44},"end":{"line":5,"column":45}},"loc":{"start":{"line":5,"column":55},"end":{"line":12,"column":9}},"line":5},"3":{"name":"(anonymous_3)","decl":{"start":{"line":18,"column":48},"end":{"line":18,"column":49}},"loc":{"start":{"line":18,"column":59},"end":{"line":28,"column":9}},"line":18},"4":{"name":"(anonymous_4)","decl":{"start":{"line":24,"column":23},"end":{"line":24,"column":24}},"loc":{"start":{"line":24,"column":29},"end":{"line":27,"column":13}},"line":24},"5":{"name":"(anonymous_5)","decl":{"start":{"line":33,"column":24},"end":{"line":33,"column":25}},"loc":{"start":{"line":33,"column":34},"end":{"line":40,"column":5}},"line":33},"6":{"name":"(anonymous_6)","decl":{"start":{"line":34,"column":41},"end":{"line":34,"column":42}},"loc":{"start":{"line":34,"column":52},"end":{"line":39,"column":9}},"line":34},"7":{"name":"(anonymous_7)","decl":{"start":{"line":36,"column":32},"end":{"line":36,"column":33}},"loc":{"start":{"line":36,"column":37},"end":{"line":36,"column":65}},"line":36},"8":{"name":"(anonymous_8)","decl":{"start":{"line":45,"column":44},"end":{"line":45,"column":45}},"loc":{"start":{"line":45,"column":55},"end":{"line":47,"column":9}},"line":45},"9":{"name":"(anonymous_9)","decl":{"start":{"line":49,"column":43},"end":{"line":49,"column":44}},"loc":{"start":{"line":49,"column":54},"end":{"line":51,"column":9}},"line":49},"10":{"name":"updateCurrentTime","decl":{"start":{"line":61,"column":9},"end":{"line":61,"column":26}},"loc":{"start":{"line":61,"column":29},"end":{"line":77,"column":1}},"line":61},"11":{"name":"updateMetrics","decl":{"start":{"line":80,"column":9},"end":{"line":80,"column":22}},"loc":{"start":{"line":80,"column":25},"end":{"line":100,"column":1}},"line":80}},"branchMap":{"0":{"loc":{"start":{"line":7,"column":12},"end":{"line":11,"column":13}},"type":"if","locations":[{"start":{"line":7,"column":12},"end":{"line":11,"column":13}},{"start":{"line":9,"column":19},"end":{"line":11,"column":13}}],"line":7},"1":{"loc":{"start":{"line":17,"column":4},"end":{"line":29,"column":5}},"type":"if","locations":[{"start":{"line":17,"column":4},"end":{"line":29,"column":5}},{"start":{},"end":{}}],"line":17},"2":{"loc":{"start":{"line":44,"column":4},"end":{"line":52,"column":5}},"type":"if","locations":[{"start":{"line":44,"column":4},"end":{"line":52,"column":5}},{"start":{},"end":{}}],"line":44},"3":{"loc":{"start":{"line":66,"column":4},"end":{"line":72,"column":5}},"type":"if","locations":[{"start":{"line":66,"column":4},"end":{"line":72,"column":5}},{"start":{"line":68,"column":11},"end":{"line":72,"column":5}}],"line":66},"4":{"loc":{"start":{"line":68,"column":11},"end":{"line":72,"column":5}},"type":"if","locations":[{"start":{"line":68,"column":11},"end":{"line":72,"column":5}},{"start":{"line":70,"column":11},"end":{"line":72,"column":5}}],"line":68},"5":{"loc":{"start":{"line":74,"column":4},"end":{"line":76,"column":5}},"type":"if","locations":[{"start":{"line":74,"column":4},"end":{"line":76,"column":5}},{"start":{},"end":{}}],"line":74},"6":{"loc":{"start":{"line":91,"column":4},"end":{"line":94,"column":5}},"type":"if","locations":[{"start":{"line":91,"column":4},"end":{"line":94,"column":5}},{"start":{},"end":{}}],"line":91},"7":{"loc":{"start":{"line":91,"column":8},"end":{"line":91,"column":42}},"type":"binary-expr","locations":[{"start":{"line":91,"column":8},"end":{"line":91,"column":22}},{"start":{"line":91,"column":26},"end":{"line":91,"column":42}}],"line":91},"8":{"loc":{"start":{"line":96,"column":4},"end":{"line":99,"column":5}},"type":"if","locations":[{"start":{"line":96,"column":4},"end":{"line":99,"column":5}},{"start":{},"end":{}}],"line":96},"9":{"loc":{"start":{"line":96,"column":8},"end":{"line":96,"column":48}},"type":"binary-expr","locations":[{"start":{"line":96,"column":8},"end":{"line":96,"column":25}},{"start":{"line":96,"column":29},"end":{"line":96,"column":48}}],"line":96}},"s":{"0":0,"1":0,"2":0,"3":0,"4":0,"5":0,"6":0,"7":0,"8":0,"9":0,"10":0,"11":0,"12":0,"13":0,"14":0,"15":0,"16":0,"17":0,"18":0,"19":0,"20":0,"21":0,"22":0,"23":0,"24":0,"25":0,"26":0,"27":0,"28":0,"29":0,"30":0,"31":0,"32":0,"33":0,"34":0,"35":0,"36":0,"37":0,"38":0,"39":0,"40":0,"41":0,"42":0,"43":0,"44":0,"45":0,"46":0,"47":0,"48":0,"49":0,"50":0,"51":0},"f":{"0":0,"1":0,"2":0,"3":0,"4":0,"5":0,"6":0,"7":0,"8":0,"9":0,"10":0,"11":0},"b":{"0":[0,0],"1":[0,0],"2":[0,0],"3":[0,0],"4":[0,0],"5":[0,0],"6":[0,0],"7":[0,0],"8":[0,0],"9":[0,0]}}
,"E:\\InsuranceBrokerCRM_Development\\js\\components\\clientList.js": {"path":"E:\\InsuranceBrokerCRM_Development\\js\\components\\clientList.js","statementMap":{"0":{"start":{"line":3,"column":8},"end":{"line":3,"column":62}},"1":{"start":{"line":4,"column":8},"end":{"line":4,"column":49}},"2":{"start":{"line":5,"column":8},"end":{"line":5,"column":34}},"3":{"start":{"line":6,"column":8},"end":{"line":10,"column":10}},"4":{"start":{"line":14,"column":8},"end":{"line":14,"column":22}},"5":{"start":{"line":15,"column":8},"end":{"line":15,"column":36}},"6":{"start":{"line":16,"column":8},"end":{"line":16,"column":27}},"7":{"start":{"line":20,"column":8},"end":{"line":75,"column":10}},"8":{"start":{"line":80,"column":8},"end":{"line":83,"column":11}},"9":{"start":{"line":81,"column":12},"end":{"line":81,"column":49}},"10":{"start":{"line":82,"column":12},"end":{"line":82,"column":31}},"11":{"start":{"line":86,"column":8},"end":{"line":89,"column":11}},"12":{"start":{"line":87,"column":12},"end":{"line":87,"column":51}},"13":{"start":{"line":88,"column":12},"end":{"line":88,"column":31}},"14":{"start":{"line":92,"column":8},"end":{"line":95,"column":11}},"15":{"start":{"line":93,"column":12},"end":{"line":93,"column":49}},"16":{"start":{"line":94,"column":12},"end":{"line":94,"column":31}},"17":{"start":{"line":98,"column":8},"end":{"line":101,"column":11}},"18":{"start":{"line":99,"column":12},"end":{"line":99,"column":78}},"19":{"start":{"line":100,"column":12},"end":{"line":100,"column":31}},"20":{"start":{"line":104,"column":8},"end":{"line":106,"column":11}},"21":{"start":{"line":105,"column":12},"end":{"line":105,"column":38}},"22":{"start":{"line":109,"column":8},"end":{"line":111,"column":11}},"23":{"start":{"line":110,"column":12},"end":{"line":110,"column":32}},"24":{"start":{"line":113,"column":8},"end":{"line":115,"column":11}},"25":{"start":{"line":114,"column":12},"end":{"line":114,"column":28}},"26":{"start":{"line":119,"column":24},"end":{"line":119,"column":44}},"27":{"start":{"line":120,"column":8},"end":{"line":120,"column":36}},"28":{"start":{"line":121,"column":8},"end":{"line":121,"column":46}},"29":{"start":{"line":125,"column":8},"end":{"line":133,"column":11}},"30":{"start":{"line":126,"column":34},"end":{"line":126,"column":104}},"31":{"start":{"line":127,"column":36},"end":{"line":127,"column":112}},"32":{"start":{"line":128,"column":34},"end":{"line":130,"column":86}},"33":{"start":{"line":132,"column":12},"end":{"line":132,"column":69}},"34":{"start":{"line":137,"column":21},"end":{"line":137,"column":58}},"35":{"start":{"line":138,"column":8},"end":{"line":138,"column":26}},"36":{"start":{"line":138,"column":19},"end":{"line":138,"column":26}},"37":{"start":{"line":140,"column":8},"end":{"line":144,"column":9}},"38":{"start":{"line":141,"column":12},"end":{"line":141,"column":47}},"39":{"start":{"line":143,"column":12},"end":{"line":143,"column":48}},"40":{"start":{"line":148,"column":8},"end":{"line":148,"column":44}},"41":{"start":{"line":149,"column":8},"end":{"line":188,"column":20}},"42":{"start":{"line":149,"column":52},"end":{"line":188,"column":9}},"43":{"start":{"line":192,"column":8},"end":{"line":192,"column":45}},"44":{"start":{"line":193,"column":8},"end":{"line":232,"column":10}},"45":{"start":{"line":208,"column":44},"end":{"line":229,"column":21}},"46":{"start":{"line":236,"column":27},"end":{"line":236,"column":64}},"47":{"start":{"line":237,"column":25},"end":{"line":237,"column":60}},"48":{"start":{"line":238,"column":27},"end":{"line":238,"column":64}},"49":{"start":{"line":239,"column":27},"end":{"line":239,"column":62}},"50":{"start":{"line":240,"column":27},"end":{"line":240,"column":62}},"51":{"start":{"line":242,"column":8},"end":{"line":242,"column":78}},"52":{"start":{"line":242,"column":24},"end":{"line":242,"column":78}},"53":{"start":{"line":243,"column":8},"end":{"line":243,"column":69}},"54":{"start":{"line":243,"column":22},"end":{"line":243,"column":69}},"55":{"start":{"line":244,"column":8},"end":{"line":244,"column":73}},"56":{"start":{"line":244,"column":24},"end":{"line":244,"column":73}},"57":{"start":{"line":245,"column":8},"end":{"line":245,"column":51}},"58":{"start":{"line":245,"column":24},"end":{"line":245,"column":51}},"59":{"start":{"line":246,"column":8},"end":{"line":246,"column":51}},"60":{"start":{"line":246,"column":24},"end":{"line":246,"column":51}},"61":{"start":{"line":250,"column":8},"end":{"line":250,"column":40}},"62":{"start":{"line":250,"column":25},"end":{"line":250,"column":40}},"63":{"start":{"line":251,"column":8},"end":{"line":251,"column":57}},"64":{"start":{"line":256,"column":8},"end":{"line":256,"column":45}},"65":{"start":{"line":261,"column":8},"end":{"line":261,"column":37}},"66":{"start":{"line":266,"column":8},"end":{"line":266,"column":33}},"67":{"start":{"line":271,"column":0},"end":{"line":271,"column":31}}},"fnMap":{"0":{"name":"(anonymous_0)","decl":{"start":{"line":2,"column":4},"end":{"line":2,"column":5}},"loc":{"start":{"line":2,"column":29},"end":{"line":11,"column":5}},"line":2},"1":{"name":"(anonymous_1)","decl":{"start":{"line":13,"column":4},"end":{"line":13,"column":5}},"loc":{"start":{"line":13,"column":17},"end":{"line":17,"column":5}},"line":13},"2":{"name":"(anonymous_2)","decl":{"start":{"line":19,"column":4},"end":{"line":19,"column":5}},"loc":{"start":{"line":19,"column":13},"end":{"line":76,"column":5}},"line":19},"3":{"name":"(anonymous_3)","decl":{"start":{"line":78,"column":4},"end":{"line":78,"column":5}},"loc":{"start":{"line":78,"column":27},"end":{"line":116,"column":5}},"line":78},"4":{"name":"(anonymous_4)","decl":{"start":{"line":80,"column":76},"end":{"line":80,"column":77}},"loc":{"start":{"line":80,"column":83},"end":{"line":83,"column":9}},"line":80},"5":{"name":"(anonymous_5)","decl":{"start":{"line":86,"column":78},"end":{"line":86,"column":79}},"loc":{"start":{"line":86,"column":85},"end":{"line":89,"column":9}},"line":86},"6":{"name":"(anonymous_6)","decl":{"start":{"line":92,"column":75},"end":{"line":92,"column":76}},"loc":{"start":{"line":92,"column":82},"end":{"line":95,"column":9}},"line":92},"7":{"name":"(anonymous_7)","decl":{"start":{"line":98,"column":73},"end":{"line":98,"column":74}},"loc":{"start":{"line":98,"column":79},"end":{"line":101,"column":9}},"line":98},"8":{"name":"(anonymous_8)","decl":{"start":{"line":104,"column":75},"end":{"line":104,"column":76}},"loc":{"start":{"line":104,"column":81},"end":{"line":106,"column":9}},"line":104},"9":{"name":"(anonymous_9)","decl":{"start":{"line":109,"column":71},"end":{"line":109,"column":72}},"loc":{"start":{"line":109,"column":77},"end":{"line":111,"column":9}},"line":109},"10":{"name":"(anonymous_10)","decl":{"start":{"line":113,"column":71},"end":{"line":113,"column":72}},"loc":{"start":{"line":113,"column":77},"end":{"line":115,"column":9}},"line":113},"11":{"name":"(anonymous_11)","decl":{"start":{"line":118,"column":4},"end":{"line":118,"column":5}},"loc":{"start":{"line":118,"column":18},"end":{"line":122,"column":5}},"line":118},"12":{"name":"(anonymous_12)","decl":{"start":{"line":124,"column":4},"end":{"line":124,"column":5}},"loc":{"start":{"line":124,"column":20},"end":{"line":134,"column":5}},"line":124},"13":{"name":"(anonymous_13)","decl":{"start":{"line":125,"column":49},"end":{"line":125,"column":50}},"loc":{"start":{"line":125,"column":59},"end":{"line":133,"column":9}},"line":125},"14":{"name":"(anonymous_14)","decl":{"start":{"line":136,"column":4},"end":{"line":136,"column":5}},"loc":{"start":{"line":136,"column":27},"end":{"line":145,"column":5}},"line":136},"15":{"name":"(anonymous_15)","decl":{"start":{"line":147,"column":4},"end":{"line":147,"column":5}},"loc":{"start":{"line":147,"column":39},"end":{"line":189,"column":5}},"line":147},"16":{"name":"(anonymous_16)","decl":{"start":{"line":149,"column":42},"end":{"line":149,"column":43}},"loc":{"start":{"line":149,"column":52},"end":{"line":188,"column":9}},"line":149},"17":{"name":"(anonymous_17)","decl":{"start":{"line":191,"column":4},"end":{"line":191,"column":5}},"loc":{"start":{"line":191,"column":40},"end":{"line":233,"column":5}},"line":191},"18":{"name":"(anonymous_18)","decl":{"start":{"line":208,"column":34},"end":{"line":208,"column":35}},"loc":{"start":{"line":208,"column":44},"end":{"line":229,"column":21}},"line":208},"19":{"name":"(anonymous_19)","decl":{"start":{"line":235,"column":4},"end":{"line":235,"column":5}},"loc":{"start":{"line":235,"column":35},"end":{"line":247,"column":5}},"line":235},"20":{"name":"(anonymous_20)","decl":{"start":{"line":249,"column":4},"end":{"line":249,"column":5}},"loc":{"start":{"line":249,"column":27},"end":{"line":252,"column":5}},"line":249},"21":{"name":"(anonymous_21)","decl":{"start":{"line":254,"column":4},"end":{"line":254,"column":5}},"loc":{"start":{"line":254,"column":25},"end":{"line":257,"column":5}},"line":254},"22":{"name":"(anonymous_22)","decl":{"start":{"line":259,"column":4},"end":{"line":259,"column":5}},"loc":{"start":{"line":259,"column":19},"end":{"line":262,"column":5}},"line":259},"23":{"name":"(anonymous_23)","decl":{"start":{"line":264,"column":4},"end":{"line":264,"column":5}},"loc":{"start":{"line":264,"column":15},"end":{"line":267,"column":5}},"line":264}},"branchMap":{"0":{"loc":{"start":{"line":99,"column":31},"end":{"line":99,"column":77}},"type":"cond-expr","locations":[{"start":{"line":99,"column":61},"end":{"line":99,"column":68}},{"start":{"line":99,"column":71},"end":{"line":99,"column":77}}],"line":99},"1":{"loc":{"start":{"line":126,"column":34},"end":{"line":126,"column":104}},"type":"binary-expr","locations":[{"start":{"line":126,"column":34},"end":{"line":126,"column":63}},{"start":{"line":126,"column":67},"end":{"line":126,"column":104}}],"line":126},"2":{"loc":{"start":{"line":127,"column":36},"end":{"line":127,"column":112}},"type":"binary-expr","locations":[{"start":{"line":127,"column":36},"end":{"line":127,"column":67}},{"start":{"line":127,"column":71},"end":{"line":127,"column":112}}],"line":127},"3":{"loc":{"start":{"line":128,"column":34},"end":{"line":130,"column":86}},"type":"binary-expr","locations":[{"start":{"line":128,"column":34},"end":{"line":128,"column":54}},{"start":{"line":129,"column":16},"end":{"line":129,"column":85}},{"start":{"line":130,"column":16},"end":{"line":130,"column":86}}],"line":128},"4":{"loc":{"start":{"line":132,"column":19},"end":{"line":132,"column":68}},"type":"binary-expr","locations":[{"start":{"line":132,"column":19},"end":{"line":132,"column":32}},{"start":{"line":132,"column":36},"end":{"line":132,"column":51}},{"start":{"line":132,"column":55},"end":{"line":132,"column":68}}],"line":132},"5":{"loc":{"start":{"line":138,"column":8},"end":{"line":138,"column":26}},"type":"if","locations":[{"start":{"line":138,"column":8},"end":{"line":138,"column":26}},{"start":{},"end":{}}],"line":138},"6":{"loc":{"start":{"line":140,"column":8},"end":{"line":144,"column":9}},"type":"if","locations":[{"start":{"line":140,"column":8},"end":{"line":144,"column":9}},{"start":{"line":142,"column":15},"end":{"line":144,"column":9}}],"line":140},"7":{"loc":{"start":{"line":167,"column":57},"end":{"line":167,"column":85}},"type":"binary-expr","locations":[{"start":{"line":167,"column":57},"end":{"line":167,"column":80}},{"start":{"line":167,"column":84},"end":{"line":167,"column":85}}],"line":167},"8":{"loc":{"start":{"line":171,"column":57},"end":{"line":171,"column":83}},"type":"binary-expr","locations":[{"start":{"line":171,"column":57},"end":{"line":171,"column":78}},{"start":{"line":171,"column":82},"end":{"line":171,"column":83}}],"line":171},"9":{"loc":{"start":{"line":215,"column":34},"end":{"line":215,"column":62}},"type":"binary-expr","locations":[{"start":{"line":215,"column":34},"end":{"line":215,"column":57}},{"start":{"line":215,"column":61},"end":{"line":215,"column":62}}],"line":215},"10":{"loc":{"start":{"line":242,"column":8},"end":{"line":242,"column":78}},"type":"if","locations":[{"start":{"line":242,"column":8},"end":{"line":242,"column":78}},{"start":{},"end":{}}],"line":242},"11":{"loc":{"start":{"line":242,"column":49},"end":{"line":242,"column":77}},"type":"cond-expr","locations":[{"start":{"line":242,"column":68},"end":{"line":242,"column":71}},{"start":{"line":242,"column":74},"end":{"line":242,"column":77}}],"line":242},"12":{"loc":{"start":{"line":243,"column":8},"end":{"line":243,"column":69}},"type":"if","locations":[{"start":{"line":243,"column":8},"end":{"line":243,"column":69}},{"start":{},"end":{}}],"line":243},"13":{"loc":{"start":{"line":244,"column":8},"end":{"line":244,"column":73}},"type":"if","locations":[{"start":{"line":244,"column":8},"end":{"line":244,"column":73}},{"start":{},"end":{}}],"line":244},"14":{"loc":{"start":{"line":245,"column":8},"end":{"line":245,"column":51}},"type":"if","locations":[{"start":{"line":245,"column":8},"end":{"line":245,"column":51}},{"start":{},"end":{}}],"line":245},"15":{"loc":{"start":{"line":246,"column":8},"end":{"line":246,"column":51}},"type":"if","locations":[{"start":{"line":246,"column":8},"end":{"line":246,"column":51}},{"start":{},"end":{}}],"line":246},"16":{"loc":{"start":{"line":250,"column":8},"end":{"line":250,"column":40}},"type":"if","locations":[{"start":{"line":250,"column":8},"end":{"line":250,"column":40}},{"start":{},"end":{}}],"line":250}},"s":{"0":0,"1":0,"2":0,"3":0,"4":0,"5":0,"6":0,"7":0,"8":0,"9":0,"10":0,"11":0,"12":0,"13":0,"14":0,"15":0,"16":0,"17":0,"18":0,"19":0,"20":0,"21":0,"22":0,"23":0,"24":0,"25":0,"26":0,"27":0,"28":0,"29":0,"30":0,"31":0,"32":0,"33":0,"34":0,"35":0,"36":0,"37":0,"38":0,"39":0,"40":0,"41":0,"42":0,"43":0,"44":0,"45":0,"46":0,"47":0,"48":0,"49":0,"50":0,"51":0,"52":0,"53":0,"54":0,"55":0,"56":0,"57":0,"58":0,"59":0,"60":0,"61":0,"62":0,"63":0,"64":0,"65":0,"66":0,"67":0},"f":{"0":0,"1":0,"2":0,"3":0,"4":0,"5":0,"6":0,"7":0,"8":0,"9":0,"10":0,"11":0,"12":0,"13":0,"14":0,"15":0,"16":0,"17":0,"18":0,"19":0,"20":0,"21":0,"22":0,"23":0},"b":{"0":[0,0],"1":[0,0],"2":[0,0],"3":[0,0,0],"4":[0,0,0],"5":[0,0],"6":[0,0],"7":[0,0],"8":[0,0],"9":[0,0],"10":[0,0],"11":[0,0],"12":[0,0],"13":[0,0],"14":[0,0],"15":[0,0],"16":[0,0]}}
,"E:\\InsuranceBrokerCRM_Development\\js\\components\\clientProfile.js": {"path":"E:\\InsuranceBrokerCRM_Development\\js\\components\\clientProfile.js","statementMap":{"0":{"start":{"line":3,"column":8},"end":{"line":3,"column":62}},"1":{"start":{"line":4,"column":8},"end":{"line":4,"column":49}},"2":{"start":{"line":5,"column":8},"end":{"line":5,"column":34}},"3":{"start":{"line":10,"column":8},"end":{"line":10,"column":22}},"4":{"start":{"line":11,"column":8},"end":{"line":11,"column":36}},"5":{"start":{"line":16,"column":8},"end":{"line":148,"column":10}},"6":{"start":{"line":154,"column":8},"end":{"line":156,"column":11}},"7":{"start":{"line":155,"column":12},"end":{"line":155,"column":33}},"8":{"start":{"line":159,"column":8},"end":{"line":161,"column":11}},"9":{"start":{"line":160,"column":12},"end":{"line":160,"column":44}},"10":{"start":{"line":164,"column":8},"end":{"line":166,"column":11}},"11":{"start":{"line":165,"column":12},"end":{"line":165,"column":36}},"12":{"start":{"line":169,"column":8},"end":{"line":171,"column":11}},"13":{"start":{"line":170,"column":12},"end":{"line":170,"column":43}},"14":{"start":{"line":174,"column":8},"end":{"line":176,"column":11}},"15":{"start":{"line":175,"column":12},"end":{"line":175,"column":33}},"16":{"start":{"line":179,"column":8},"end":{"line":182,"column":11}},"17":{"start":{"line":180,"column":12},"end":{"line":180,"column":31}},"18":{"start":{"line":181,"column":12},"end":{"line":181,"column":38}},"19":{"start":{"line":187,"column":8},"end":{"line":187,"column":68}},"20":{"start":{"line":188,"column":8},"end":{"line":190,"column":9}},"21":{"start":{"line":189,"column":12},"end":{"line":189,"column":33}},"22":{"start":{"line":195,"column":8},"end":{"line":195,"column":40}},"23":{"start":{"line":195,"column":33},"end":{"line":195,"column":40}},"24":{"start":{"line":198,"column":8},"end":{"line":198,"column":90}},"25":{"start":{"line":199,"column":8},"end":{"line":199,"column":92}},"26":{"start":{"line":200,"column":8},"end":{"line":200,"column":92}},"27":{"start":{"line":201,"column":8},"end":{"line":201,"column":98}},"28":{"start":{"line":204,"column":8},"end":{"line":205,"column":66}},"29":{"start":{"line":206,"column":8},"end":{"line":207,"column":64}},"30":{"start":{"line":208,"column":8},"end":{"line":209,"column":58}},"31":{"start":{"line":212,"column":8},"end":{"line":213,"column":54}},"32":{"start":{"line":214,"column":8},"end":{"line":215,"column":55}},"33":{"start":{"line":216,"column":8},"end":{"line":217,"column":86}},"34":{"start":{"line":220,"column":8},"end":{"line":220,"column":39}},"35":{"start":{"line":223,"column":8},"end":{"line":223,"column":35}},"36":{"start":{"line":226,"column":8},"end":{"line":226,"column":35}},"37":{"start":{"line":229,"column":8},"end":{"line":229,"column":37}},"38":{"start":{"line":234,"column":8},"end":{"line":234,"column":42}},"39":{"start":{"line":234,"column":25},"end":{"line":234,"column":42}},"40":{"start":{"line":235,"column":8},"end":{"line":239,"column":11}},"41":{"start":{"line":244,"column":22},"end":{"line":244,"column":65}},"42":{"start":{"line":245,"column":8},"end":{"line":248,"column":9}},"43":{"start":{"line":246,"column":12},"end":{"line":246,"column":42}},"44":{"start":{"line":247,"column":12},"end":{"line":247,"column":36}},"45":{"start":{"line":253,"column":22},"end":{"line":253,"column":65}},"46":{"start":{"line":254,"column":8},"end":{"line":256,"column":9}},"47":{"start":{"line":255,"column":12},"end":{"line":255,"column":45}},"48":{"start":{"line":263,"column":0},"end":{"line":263,"column":37}}},"fnMap":{"0":{"name":"(anonymous_0)","decl":{"start":{"line":2,"column":4},"end":{"line":2,"column":5}},"loc":{"start":{"line":2,"column":29},"end":{"line":6,"column":5}},"line":2},"1":{"name":"(anonymous_1)","decl":{"start":{"line":9,"column":4},"end":{"line":9,"column":5}},"loc":{"start":{"line":9,"column":17},"end":{"line":12,"column":5}},"line":9},"2":{"name":"(anonymous_2)","decl":{"start":{"line":15,"column":4},"end":{"line":15,"column":5}},"loc":{"start":{"line":15,"column":13},"end":{"line":149,"column":5}},"line":15},"3":{"name":"(anonymous_3)","decl":{"start":{"line":152,"column":4},"end":{"line":152,"column":5}},"loc":{"start":{"line":152,"column":27},"end":{"line":183,"column":5}},"line":152},"4":{"name":"(anonymous_4)","decl":{"start":{"line":154,"column":77},"end":{"line":154,"column":78}},"loc":{"start":{"line":154,"column":83},"end":{"line":156,"column":9}},"line":154},"5":{"name":"(anonymous_5)","decl":{"start":{"line":159,"column":81},"end":{"line":159,"column":82}},"loc":{"start":{"line":159,"column":87},"end":{"line":161,"column":9}},"line":159},"6":{"name":"(anonymous_6)","decl":{"start":{"line":164,"column":73},"end":{"line":164,"column":74}},"loc":{"start":{"line":164,"column":79},"end":{"line":166,"column":9}},"line":164},"7":{"name":"(anonymous_7)","decl":{"start":{"line":169,"column":80},"end":{"line":169,"column":81}},"loc":{"start":{"line":169,"column":86},"end":{"line":171,"column":9}},"line":169},"8":{"name":"(anonymous_8)","decl":{"start":{"line":174,"column":77},"end":{"line":174,"column":78}},"loc":{"start":{"line":174,"column":83},"end":{"line":176,"column":9}},"line":174},"9":{"name":"(anonymous_9)","decl":{"start":{"line":179,"column":74},"end":{"line":179,"column":75}},"loc":{"start":{"line":179,"column":81},"end":{"line":182,"column":9}},"line":179},"10":{"name":"(anonymous_10)","decl":{"start":{"line":186,"column":4},"end":{"line":186,"column":5}},"loc":{"start":{"line":186,"column":25},"end":{"line":191,"column":5}},"line":186},"11":{"name":"(anonymous_11)","decl":{"start":{"line":194,"column":4},"end":{"line":194,"column":5}},"loc":{"start":{"line":194,"column":20},"end":{"line":230,"column":5}},"line":194},"12":{"name":"(anonymous_12)","decl":{"start":{"line":233,"column":4},"end":{"line":233,"column":5}},"loc":{"start":{"line":233,"column":27},"end":{"line":240,"column":5}},"line":233},"13":{"name":"(anonymous_13)","decl":{"start":{"line":243,"column":4},"end":{"line":243,"column":5}},"loc":{"start":{"line":243,"column":20},"end":{"line":249,"column":5}},"line":243},"14":{"name":"(anonymous_14)","decl":{"start":{"line":252,"column":4},"end":{"line":252,"column":5}},"loc":{"start":{"line":252,"column":20},"end":{"line":257,"column":5}},"line":252}},"branchMap":{"0":{"loc":{"start":{"line":188,"column":8},"end":{"line":190,"column":9}},"type":"if","locations":[{"start":{"line":188,"column":8},"end":{"line":190,"column":9}},{"start":{},"end":{}}],"line":188},"1":{"loc":{"start":{"line":195,"column":8},"end":{"line":195,"column":40}},"type":"if","locations":[{"start":{"line":195,"column":8},"end":{"line":195,"column":40}},{"start":{},"end":{}}],"line":195},"2":{"loc":{"start":{"line":198,"column":60},"end":{"line":198,"column":89}},"type":"binary-expr","locations":[{"start":{"line":198,"column":60},"end":{"line":198,"column":83}},{"start":{"line":198,"column":87},"end":{"line":198,"column":89}}],"line":198},"3":{"loc":{"start":{"line":199,"column":61},"end":{"line":199,"column":91}},"type":"binary-expr","locations":[{"start":{"line":199,"column":61},"end":{"line":199,"column":85}},{"start":{"line":199,"column":89},"end":{"line":199,"column":91}}],"line":199},"4":{"loc":{"start":{"line":200,"column":61},"end":{"line":200,"column":91}},"type":"binary-expr","locations":[{"start":{"line":200,"column":61},"end":{"line":200,"column":85}},{"start":{"line":200,"column":89},"end":{"line":200,"column":91}}],"line":200},"5":{"loc":{"start":{"line":201,"column":64},"end":{"line":201,"column":97}},"type":"binary-expr","locations":[{"start":{"line":201,"column":64},"end":{"line":201,"column":91}},{"start":{"line":201,"column":95},"end":{"line":201,"column":97}}],"line":201},"6":{"loc":{"start":{"line":213,"column":12},"end":{"line":213,"column":53}},"type":"binary-expr","locations":[{"start":{"line":213,"column":12},"end":{"line":213,"column":47}},{"start":{"line":213,"column":51},"end":{"line":213,"column":53}}],"line":213},"7":{"loc":{"start":{"line":215,"column":12},"end":{"line":215,"column":54}},"type":"binary-expr","locations":[{"start":{"line":215,"column":12},"end":{"line":215,"column":48}},{"start":{"line":215,"column":52},"end":{"line":215,"column":54}}],"line":215},"8":{"loc":{"start":{"line":217,"column":12},"end":{"line":217,"column":85}},"type":"cond-expr","locations":[{"start":{"line":217,"column":54},"end":{"line":217,"column":66}},{"start":{"line":217,"column":69},"end":{"line":217,"column":85}}],"line":217},"9":{"loc":{"start":{"line":234,"column":8},"end":{"line":234,"column":42}},"type":"if","locations":[{"start":{"line":234,"column":8},"end":{"line":234,"column":42}},{"start":{},"end":{}}],"line":234},"10":{"loc":{"start":{"line":245,"column":8},"end":{"line":248,"column":9}},"type":"if","locations":[{"start":{"line":245,"column":8},"end":{"line":248,"column":9}},{"start":{},"end":{}}],"line":245},"11":{"loc":{"start":{"line":254,"column":8},"end":{"line":256,"column":9}},"type":"if","locations":[{"start":{"line":254,"column":8},"end":{"line":256,"column":9}},{"start":{},"end":{}}],"line":254}},"s":{"0":0,"1":0,"2":0,"3":0,"4":0,"5":0,"6":0,"7":0,"8":0,"9":0,"10":0,"11":0,"12":0,"13":0,"14":0,"15":0,"16":0,"17":0,"18":0,"19":0,"20":0,"21":0,"22":0,"23":0,"24":0,"25":0,"26":0,"27":0,"28":0,"29":0,"30":0,"31":0,"32":0,"33":0,"34":0,"35":0,"36":0,"37":0,"38":0,"39":0,"40":0,"41":0,"42":0,"43":0,"44":0,"45":0,"46":0,"47":0,"48":0},"f":{"0":0,"1":0,"2":0,"3":0,"4":0,"5":0,"6":0,"7":0,"8":0,"9":0,"10":0,"11":0,"12":0,"13":0,"14":0},"b":{"0":[0,0],"1":[0,0],"2":[0,0],"3":[0,0],"4":[0,0],"5":[0,0],"6":[0,0],"7":[0,0],"8":[0,0],"9":[0,0],"10":[0,0],"11":[0,0]}}
}
